mode: set
github.com/miloradbozic/packing-service/main.go:17.13,20.22 2 0
github.com/miloradbozic/packing-service/main.go:20.22,22.3 1 0
github.com/miloradbozic/packing-service/main.go:24.2,25.16 2 0
github.com/miloradbozic/packing-service/main.go:25.16,27.3 1 0
github.com/miloradbozic/packing-service/main.go:30.2,31.16 2 0
github.com/miloradbozic/packing-service/main.go:31.16,33.3 1 0
github.com/miloradbozic/packing-service/main.go:34.2,38.61 3 0
github.com/miloradbozic/packing-service/main.go:38.61,40.3 1 0
github.com/miloradbozic/packing-service/main.go:43.2,46.72 2 0
github.com/miloradbozic/packing-service/main.go:46.72,48.3 1 0
github.com/miloradbozic/packing-service/main.go:51.2,56.16 4 0
github.com/miloradbozic/packing-service/main.go:56.16,58.3 1 0
github.com/miloradbozic/packing-service/main.go:61.2,80.76 12 0
github.com/miloradbozic/packing-service/main.go:80.76,83.3 2 0
github.com/miloradbozic/packing-service/main.go:86.2,91.58 5 0
github.com/miloradbozic/packing-service/main.go:91.58,93.3 1 0
github.com/miloradbozic/packing-service/internal/handlers/api.go:21.115,26.2 1 0
github.com/miloradbozic/packing-service/internal/handlers/api.go:28.72,31.61 2 0
github.com/miloradbozic/packing-service/internal/handlers/api.go:31.61,34.3 2 0
github.com/miloradbozic/packing-service/internal/handlers/api.go:36.2,37.16 2 0
github.com/miloradbozic/packing-service/internal/handlers/api.go:37.16,40.3 2 0
github.com/miloradbozic/packing-service/internal/handlers/api.go:43.2,44.40 2 0
github.com/miloradbozic/packing-service/internal/handlers/api.go:44.40,45.14 1 0
github.com/miloradbozic/packing-service/internal/handlers/api.go:45.14,50.4 1 0
github.com/miloradbozic/packing-service/internal/handlers/api.go:53.2,61.40 2 0
github.com/miloradbozic/packing-service/internal/handlers/api.go:64.72,66.16 2 0
github.com/miloradbozic/packing-service/internal/handlers/api.go:66.16,69.3 2 0
github.com/miloradbozic/packing-service/internal/handlers/api.go:71.2,74.40 2 0
github.com/miloradbozic/packing-service/internal/handlers/api.go:77.83,82.2 2 0
github.com/miloradbozic/packing-service/internal/handlers/api.go:86.76,88.16 2 0
github.com/miloradbozic/packing-service/internal/handlers/api.go:88.16,91.3 2 0
github.com/miloradbozic/packing-service/internal/handlers/api.go:93.2,97.31 2 0
github.com/miloradbozic/packing-service/internal/handlers/api.go:97.31,104.3 1 0
github.com/miloradbozic/packing-service/internal/handlers/api.go:106.2,106.40 1 0
github.com/miloradbozic/packing-service/internal/handlers/api.go:109.74,114.16 4 0
github.com/miloradbozic/packing-service/internal/handlers/api.go:114.16,117.3 2 0
github.com/miloradbozic/packing-service/internal/handlers/api.go:119.2,120.16 2 0
github.com/miloradbozic/packing-service/internal/handlers/api.go:120.16,123.3 2 0
github.com/miloradbozic/packing-service/internal/handlers/api.go:125.2,132.40 2 0
github.com/miloradbozic/packing-service/internal/handlers/api.go:135.77,138.61 2 0
github.com/miloradbozic/packing-service/internal/handlers/api.go:138.61,141.3 2 0
github.com/miloradbozic/packing-service/internal/handlers/api.go:143.2,143.19 1 0
github.com/miloradbozic/packing-service/internal/handlers/api.go:143.19,146.3 2 0
github.com/miloradbozic/packing-service/internal/handlers/api.go:148.2,149.16 2 0
github.com/miloradbozic/packing-service/internal/handlers/api.go:149.16,152.3 2 0
github.com/miloradbozic/packing-service/internal/handlers/api.go:154.2,161.45 2 0
github.com/miloradbozic/packing-service/internal/handlers/api.go:164.77,169.16 4 0
github.com/miloradbozic/packing-service/internal/handlers/api.go:169.16,172.3 2 0
github.com/miloradbozic/packing-service/internal/handlers/api.go:174.2,175.61 2 0
github.com/miloradbozic/packing-service/internal/handlers/api.go:175.61,178.3 2 0
github.com/miloradbozic/packing-service/internal/handlers/api.go:180.2,180.19 1 0
github.com/miloradbozic/packing-service/internal/handlers/api.go:180.19,183.3 2 0
github.com/miloradbozic/packing-service/internal/handlers/api.go:185.2,186.16 2 0
github.com/miloradbozic/packing-service/internal/handlers/api.go:186.16,189.3 2 0
github.com/miloradbozic/packing-service/internal/handlers/api.go:191.2,198.40 2 0
github.com/miloradbozic/packing-service/internal/handlers/api.go:201.77,206.16 4 0
github.com/miloradbozic/packing-service/internal/handlers/api.go:206.16,209.3 2 0
github.com/miloradbozic/packing-service/internal/handlers/api.go:211.2,211.50 1 0
github.com/miloradbozic/packing-service/internal/handlers/api.go:211.50,214.3 2 0
github.com/miloradbozic/packing-service/internal/handlers/api.go:216.2,216.37 1 0
github.com/miloradbozic/packing-service/internal/handlers/api.go:219.84,223.2 3 0
github.com/miloradbozic/packing-service/internal/handlers/web.go:21.124,23.16 2 0
github.com/miloradbozic/packing-service/internal/handlers/web.go:23.16,25.3 1 0
github.com/miloradbozic/packing-service/internal/handlers/web.go:27.2,31.8 1 0
github.com/miloradbozic/packing-service/internal/handlers/web.go:34.71,35.24 1 0
github.com/miloradbozic/packing-service/internal/handlers/web.go:35.24,38.3 2 0
github.com/miloradbozic/packing-service/internal/handlers/web.go:40.2,41.16 2 0
github.com/miloradbozic/packing-service/internal/handlers/web.go:41.16,44.3 2 0
github.com/miloradbozic/packing-service/internal/handlers/web.go:46.2,55.75 2 0
github.com/miloradbozic/packing-service/internal/handlers/web.go:55.75,57.3 1 0
github.com/miloradbozic/packing-service/internal/handlers/web.go:60.78,67.20 5 0
github.com/miloradbozic/packing-service/internal/handlers/web.go:67.20,70.3 2 0
github.com/miloradbozic/packing-service/internal/handlers/web.go:72.2,82.30 2 0
github.com/miloradbozic/packing-service/internal/handlers/web.go:82.30,86.3 3 0
github.com/miloradbozic/packing-service/internal/handlers/web.go:88.2,89.16 2 0
github.com/miloradbozic/packing-service/internal/handlers/web.go:89.16,93.3 3 0
github.com/miloradbozic/packing-service/internal/handlers/web.go:96.2,97.40 2 0
github.com/miloradbozic/packing-service/internal/handlers/web.go:97.40,98.14 1 0
github.com/miloradbozic/packing-service/internal/handlers/web.go:98.14,103.4 1 0
github.com/miloradbozic/packing-service/internal/handlers/web.go:107.2,107.40 1 0
github.com/miloradbozic/packing-service/internal/handlers/web.go:107.40,109.3 1 0
github.com/miloradbozic/packing-service/internal/handlers/web.go:111.2,119.75 2 0
github.com/miloradbozic/packing-service/internal/handlers/web.go:119.75,121.3 1 0
github.com/miloradbozic/packing-service/cmd/migrate/main.go:12.13,19.16 5 0
github.com/miloradbozic/packing-service/cmd/migrate/main.go:19.16,21.3 1 0
github.com/miloradbozic/packing-service/cmd/migrate/main.go:24.2,25.16 2 0
github.com/miloradbozic/packing-service/cmd/migrate/main.go:25.16,27.3 1 0
github.com/miloradbozic/packing-service/cmd/migrate/main.go:28.2,32.64 3 0
github.com/miloradbozic/packing-service/cmd/migrate/main.go:32.64,34.3 1 0
github.com/miloradbozic/packing-service/cmd/migrate/main.go:36.2,36.51 1 0
github.com/miloradbozic/packing-service/internal/database/connection.go:16.61,21.16 3 0
github.com/miloradbozic/packing-service/internal/database/connection.go:21.16,23.3 1 0
github.com/miloradbozic/packing-service/internal/database/connection.go:26.2,29.31 3 0
github.com/miloradbozic/packing-service/internal/database/connection.go:29.31,31.17 2 0
github.com/miloradbozic/packing-service/internal/database/connection.go:31.17,33.4 1 0
github.com/miloradbozic/packing-service/internal/database/connection.go:34.3,34.34 1 0
github.com/miloradbozic/packing-service/internal/database/connection.go:38.2,38.34 1 0
github.com/miloradbozic/packing-service/internal/database/connection.go:38.34,40.3 1 0
github.com/miloradbozic/packing-service/internal/database/connection.go:42.2,42.21 1 0
github.com/miloradbozic/packing-service/internal/database/connection.go:45.29,47.2 1 0
github.com/miloradbozic/packing-service/internal/database/migrate.go:15.36,17.2 1 0
github.com/miloradbozic/packing-service/internal/database/migrate.go:20.63,22.50 1 0
github.com/miloradbozic/packing-service/internal/database/migrate.go:22.50,24.3 1 0
github.com/miloradbozic/packing-service/internal/database/migrate.go:27.2,28.16 2 0
github.com/miloradbozic/packing-service/internal/database/migrate.go:28.16,30.3 1 0
github.com/miloradbozic/packing-service/internal/database/migrate.go:33.2,34.16 2 0
github.com/miloradbozic/packing-service/internal/database/migrate.go:34.16,36.3 1 0
github.com/miloradbozic/packing-service/internal/database/migrate.go:39.2,39.47 1 0
github.com/miloradbozic/packing-service/internal/database/migrate.go:39.47,40.62 1 0
github.com/miloradbozic/packing-service/internal/database/migrate.go:40.62,41.74 1 0
github.com/miloradbozic/packing-service/internal/database/migrate.go:41.74,43.5 1 0
github.com/miloradbozic/packing-service/internal/database/migrate.go:47.2,47.12 1 0
github.com/miloradbozic/packing-service/internal/database/migrate.go:50.50,59.2 3 0
github.com/miloradbozic/packing-service/internal/database/migrate.go:61.79,63.16 2 0
github.com/miloradbozic/packing-service/internal/database/migrate.go:63.16,65.3 1 0
github.com/miloradbozic/packing-service/internal/database/migrate.go:67.2,68.29 2 0
github.com/miloradbozic/packing-service/internal/database/migrate.go:68.29,69.45 1 0
github.com/miloradbozic/packing-service/internal/database/migrate.go:69.45,71.4 1 0
github.com/miloradbozic/packing-service/internal/database/migrate.go:74.2,75.28 2 0
github.com/miloradbozic/packing-service/internal/database/migrate.go:78.61,81.16 3 0
github.com/miloradbozic/packing-service/internal/database/migrate.go:81.16,83.3 1 0
github.com/miloradbozic/packing-service/internal/database/migrate.go:84.2,87.18 3 0
github.com/miloradbozic/packing-service/internal/database/migrate.go:87.18,89.45 2 0
github.com/miloradbozic/packing-service/internal/database/migrate.go:89.45,91.4 1 0
github.com/miloradbozic/packing-service/internal/database/migrate.go:92.3,92.37 1 0
github.com/miloradbozic/packing-service/internal/database/migrate.go:95.2,95.21 1 0
github.com/miloradbozic/packing-service/internal/database/migrate.go:98.94,100.44 2 0
github.com/miloradbozic/packing-service/internal/database/migrate.go:100.44,101.25 1 0
github.com/miloradbozic/packing-service/internal/database/migrate.go:101.25,103.4 1 0
github.com/miloradbozic/packing-service/internal/database/migrate.go:105.2,105.14 1 0
github.com/miloradbozic/packing-service/internal/database/migrate.go:108.79,112.16 3 0
github.com/miloradbozic/packing-service/internal/database/migrate.go:112.16,114.3 1 0
github.com/miloradbozic/packing-service/internal/database/migrate.go:117.2,118.16 2 0
github.com/miloradbozic/packing-service/internal/database/migrate.go:118.16,120.3 1 0
github.com/miloradbozic/packing-service/internal/database/migrate.go:121.2,124.16 3 0
github.com/miloradbozic/packing-service/internal/database/migrate.go:124.16,126.3 1 0
github.com/miloradbozic/packing-service/internal/database/migrate.go:129.2,131.16 3 0
github.com/miloradbozic/packing-service/internal/database/migrate.go:131.16,133.3 1 0
github.com/miloradbozic/packing-service/internal/database/migrate.go:135.2,135.20 1 0
github.com/miloradbozic/packing-service/internal/database/repository.go:12.56,14.2 1 0
github.com/miloradbozic/packing-service/internal/database/repository.go:17.60,21.16 3 0
github.com/miloradbozic/packing-service/internal/database/repository.go:21.16,23.3 1 0
github.com/miloradbozic/packing-service/internal/database/repository.go:24.2,27.18 3 0
github.com/miloradbozic/packing-service/internal/database/repository.go:27.18,29.42 2 0
github.com/miloradbozic/packing-service/internal/database/repository.go:29.42,31.4 1 0
github.com/miloradbozic/packing-service/internal/database/repository.go:32.3,32.30 1 0
github.com/miloradbozic/packing-service/internal/database/repository.go:35.2,35.35 1 0
github.com/miloradbozic/packing-service/internal/database/repository.go:35.35,37.3 1 0
github.com/miloradbozic/packing-service/internal/database/repository.go:39.2,39.19 1 0
github.com/miloradbozic/packing-service/internal/database/repository.go:43.59,47.16 3 0
github.com/miloradbozic/packing-service/internal/database/repository.go:47.16,49.3 1 0
github.com/miloradbozic/packing-service/internal/database/repository.go:50.2,53.18 3 0
github.com/miloradbozic/packing-service/internal/database/repository.go:53.18,55.83 2 0
github.com/miloradbozic/packing-service/internal/database/repository.go:55.83,57.4 1 0
github.com/miloradbozic/packing-service/internal/database/repository.go:58.3,58.36 1 0
github.com/miloradbozic/packing-service/internal/database/repository.go:61.2,61.35 1 0
github.com/miloradbozic/packing-service/internal/database/repository.go:61.35,63.3 1 0
github.com/miloradbozic/packing-service/internal/database/repository.go:65.2,65.23 1 0
github.com/miloradbozic/packing-service/internal/database/repository.go:69.65,74.16 4 0
github.com/miloradbozic/packing-service/internal/database/repository.go:74.16,75.27 1 0
github.com/miloradbozic/packing-service/internal/database/repository.go:75.27,77.4 1 0
github.com/miloradbozic/packing-service/internal/database/repository.go:78.3,78.61 1 0
github.com/miloradbozic/packing-service/internal/database/repository.go:81.2,81.17 1 0
github.com/miloradbozic/packing-service/internal/database/repository.go:85.66,90.16 4 0
github.com/miloradbozic/packing-service/internal/database/repository.go:90.16,92.3 1 0
github.com/miloradbozic/packing-service/internal/database/repository.go:94.2,94.17 1 0
github.com/miloradbozic/packing-service/internal/database/repository.go:98.74,103.16 4 0
github.com/miloradbozic/packing-service/internal/database/repository.go:103.16,104.27 1 0
github.com/miloradbozic/packing-service/internal/database/repository.go:104.27,106.4 1 0
github.com/miloradbozic/packing-service/internal/database/repository.go:107.3,107.64 1 0
github.com/miloradbozic/packing-service/internal/database/repository.go:110.2,110.17 1 0
github.com/miloradbozic/packing-service/internal/database/repository.go:114.51,118.16 3 0
github.com/miloradbozic/packing-service/internal/database/repository.go:118.16,120.3 1 0
github.com/miloradbozic/packing-service/internal/database/repository.go:122.2,123.16 2 0
github.com/miloradbozic/packing-service/internal/database/repository.go:123.16,125.3 1 0
github.com/miloradbozic/packing-service/internal/database/repository.go:127.2,127.23 1 0
github.com/miloradbozic/packing-service/internal/database/repository.go:127.23,129.3 1 0
github.com/miloradbozic/packing-service/internal/database/repository.go:131.2,131.12 1 0
github.com/miloradbozic/packing-service/internal/database/repository.go:135.67,138.16 2 0
github.com/miloradbozic/packing-service/internal/database/repository.go:138.16,140.3 1 0
github.com/miloradbozic/packing-service/internal/database/repository.go:143.2,144.37 2 0
github.com/miloradbozic/packing-service/internal/database/repository.go:144.37,146.3 1 0
github.com/miloradbozic/packing-service/internal/database/repository.go:149.2,149.29 1 0
github.com/miloradbozic/packing-service/internal/database/repository.go:149.29,150.25 1 0
github.com/miloradbozic/packing-service/internal/database/repository.go:150.25,152.18 2 0
github.com/miloradbozic/packing-service/internal/database/repository.go:152.18,154.5 1 0
github.com/miloradbozic/packing-service/internal/database/repository.go:158.2,158.12 1 0
github.com/miloradbozic/packing-service/internal/middleware/cors.go:7.43,8.71 1 0
github.com/miloradbozic/packing-service/internal/middleware/cors.go:8.71,13.28 4 0
github.com/miloradbozic/packing-service/internal/middleware/cors.go:13.28,16.4 2 0
github.com/miloradbozic/packing-service/internal/middleware/cors.go:18.3,18.23 1 0
github.com/miloradbozic/packing-service/internal/config/config.go:38.41,40.16 2 0
github.com/miloradbozic/packing-service/internal/config/config.go:40.16,42.3 1 0
github.com/miloradbozic/packing-service/internal/config/config.go:43.2,47.48 4 0
github.com/miloradbozic/packing-service/internal/config/config.go:47.48,49.3 1 0
github.com/miloradbozic/packing-service/internal/config/config.go:52.2,54.21 2 0
github.com/miloradbozic/packing-service/internal/service/packing.go:14.91,18.2 1 1
github.com/miloradbozic/packing-service/internal/service/packing.go:26.83,27.23 1 1
github.com/miloradbozic/packing-service/internal/service/packing.go:27.23,29.3 1 0
github.com/miloradbozic/packing-service/internal/service/packing.go:32.2,33.16 2 1
github.com/miloradbozic/packing-service/internal/service/packing.go:33.16,35.3 1 0
github.com/miloradbozic/packing-service/internal/service/packing.go:37.2,37.25 1 1
github.com/miloradbozic/packing-service/internal/service/packing.go:37.25,39.3 1 0
github.com/miloradbozic/packing-service/internal/service/packing.go:41.2,43.21 2 1
github.com/miloradbozic/packing-service/internal/service/packing.go:43.21,45.3 1 0
github.com/miloradbozic/packing-service/internal/service/packing.go:47.2,47.22 1 1
github.com/miloradbozic/packing-service/internal/service/packing.go:50.90,62.20 7 1
github.com/miloradbozic/packing-service/internal/service/packing.go:62.20,65.3 2 1
github.com/miloradbozic/packing-service/internal/service/packing.go:66.2,69.33 2 1
github.com/miloradbozic/packing-service/internal/service/packing.go:69.33,70.18 1 1
github.com/miloradbozic/packing-service/internal/service/packing.go:70.18,71.12 1 1
github.com/miloradbozic/packing-service/internal/service/packing.go:74.3,74.34 1 1
github.com/miloradbozic/packing-service/internal/service/packing.go:74.34,76.24 2 1
github.com/miloradbozic/packing-service/internal/service/packing.go:76.24,77.52 1 1
github.com/miloradbozic/packing-service/internal/service/packing.go:77.52,80.6 2 1
github.com/miloradbozic/packing-service/internal/service/packing.go:86.2,87.38 2 1
github.com/miloradbozic/packing-service/internal/service/packing.go:87.38,88.18 1 1
github.com/miloradbozic/packing-service/internal/service/packing.go:88.18,90.9 2 1
github.com/miloradbozic/packing-service/internal/service/packing.go:94.2,94.20 1 1
github.com/miloradbozic/packing-service/internal/service/packing.go:94.20,96.3 1 0
github.com/miloradbozic/packing-service/internal/service/packing.go:99.2,103.43 4 1
github.com/miloradbozic/packing-service/internal/service/packing.go:103.43,108.3 4 1
github.com/miloradbozic/packing-service/internal/service/packing.go:110.2,114.3 1 1
github.com/miloradbozic/packing-service/internal/service/packing.go:117.57,119.2 1 0
